20:47:27.116 [main                     ] DEBUG Logger               - Configured Logger
20:47:27.123 [main                     ] DEBUG GameApplication      - Logging settings
Title: Combat Game
Version: 1.0
Width: 800
Height: 600
Fullscreen: false
Intro: false
Profiling: false
Single step:false
App Mode: DEVELOPER
Menu Key: ESCAPE
Stage Style: DECORATED
Scene Factory: class com.almasb.fxgl.app.scene.SceneFactory

20:47:27.549 [JavaFX Application Thread] DEBUG FXGLApplication      - Initializing FXGL
20:47:27.554 [JavaFX Application Thread] INFO  Engine               - FXGL-17.3 (30.03.2023 11.49) on WINDOWS (J:24.0.2 FX:21.0.6)
20:47:27.554 [JavaFX Application Thread] DEBUG Engine               - JRE Vendor Name: Oracle Corporation
20:47:27.554 [JavaFX Application Thread] DEBUG Engine               - Running on OS: Windows 11 version 10.0
20:47:27.554 [JavaFX Application Thread] DEBUG Engine               - Architecture: amd64
20:47:27.555 [JavaFX Application Thread] INFO  Engine               - Source code and latest versions at: https://github.com/AlmasB/FXGL
20:47:27.555 [JavaFX Application Thread] INFO  Engine               -       Ask questions and discuss at: https://github.com/AlmasB/FXGL/discussions
20:47:27.555 [JavaFX Application Thread] INFO  Engine               -              Join the FXGL chat at: https://gitter.im/AlmasB/FXGL
20:47:27.655 [JavaFX Application Thread] DEBUG PrimaryStageWindow   - Creating a JavaFX scene
20:47:27.714 [JavaFX Application Thread] DEBUG PrimaryStageWindow   - Target settings size: 800.0 x 600.0
20:47:27.714 [JavaFX Application Thread] DEBUG PrimaryStageWindow   - Scaled scene size:    800.0 x 600.0
20:47:27.714 [JavaFX Application Thread] DEBUG PrimaryStageWindow   - Scaled ratio: (1.0, 1.0)
20:47:27.715 [JavaFX Application Thread] DEBUG PrimaryStageWindow   - Set initial scene to FXGLStartupScene
20:47:27.719 [JavaFX Application Thread] DEBUG PrimaryStageWindow   - Opening main window
20:47:27.813 [JavaFX Application Thread] DEBUG PrimaryStageWindow   - Window border size: (14.4000244140625, 37.5999755859375)
20:47:27.813 [JavaFX Application Thread] DEBUG PrimaryStageWindow   - Scaled size: 800.0 x 600.0
20:47:27.813 [JavaFX Application Thread] DEBUG PrimaryStageWindow   - Scaled ratio: (1.0, 1.0)
20:47:27.814 [JavaFX Application Thread] DEBUG PrimaryStageWindow   - Scene size: 800.0 x 600.0
20:47:27.814 [JavaFX Application Thread] DEBUG PrimaryStageWindow   - Stage size: 814.4000244140625 x 637.5999755859375
20:47:27.830 [FXGL Background Thread 1 ] DEBUG Engine               - Initializing environment variables
20:47:27.934 [FXGL Background Thread 1 ] DEBUG FXGLAssetLoaderServi - User app class for loading assets: class com.example.combatgame01.CombatGame
20:47:27.934 [FXGL Background Thread 1 ] DEBUG GameApplicationServi - Applying CSS: fxgl_dark.css
20:47:27.935 [FXGL Background Thread 1 ] DEBUG FXGLAssetLoaderServi - Loading from file system: jar:file:///C:/Users/ZIOD/.m2/repository/com/github/almasb/fxgl/17.3/fxgl-17.3.jar!/fxglassets/ui/css/fxgl_dark.css
20:47:28.003 [FXGL Background Thread 1 ] DEBUG GameApplicationServi - Initializing application scenes
20:47:28.046 [FXGL Background Thread 1 ] DEBUG GameWorld            - Game world initialized
20:47:28.130 [FXGL Background Thread 1 ] DEBUG PhysicsWorld         - Physics world initialized: appHeight=600, physics.ppm=50.0
20:47:28.131 [FXGL Background Thread 1 ] DEBUG PhysicsWorld         - Using strategy: BRUTE_FORCE
20:47:28.135 [FXGL Background Thread 1 ] DEBUG GameScene            - Game scene initialized: 800x600
20:47:28.154 [FXGL Background Thread 1 ] DEBUG FXGL.DefaultMenu     - createMenuBodyGameMenu()
20:47:28.175 [FXGL Background Thread 1 ] DEBUG FXGL.DefaultMenu     - createOptionsMenu()
20:47:28.188 [FXGL Background Thread 1 ] DEBUG FXGLAssetLoaderServi - Loading from file system: jar:file:///C:/Users/ZIOD/.m2/repository/com/github/almasb/fxgl/17.3/fxgl-17.3.jar!/fxglassets/textures/particles/smoke.png
20:47:28.283 [FXGL Background Thread 1 ] DEBUG FXGLAssetLoaderServi - Loading from file system: jar:file:///C:/Users/ZIOD/.m2/repository/com/github/almasb/fxgl/17.3/fxgl-17.3.jar!/fxglassets/textures/particles/trace_horizontal.png
20:47:28.318 [FXGL Background Thread 1 ] DEBUG GameApplicationServi - Application scenes initialized
20:47:28.331 [FXGL Background Thread 1 ] DEBUG SystemBundleService  - Loading FXGL system data
20:47:28.334 [FXGL Background Thread 1 ] DEBUG FileSystemAccess     - Reading from: C:\Users\ZIOD\IdeaProjects\CombatGame01\system\fxgl.bundle
20:47:28.341 [FXGL Background Thread 1 ] DEBUG SystemBundleService  - Bundle FXGL: {}
20:47:28.341 [FXGL Background Thread 1 ] DEBUG UpdaterService       - Checking for updates
20:47:28.346 [FXGL Background Thread 4 ] DEBUG FXGLApplication      - Loading fonts
20:47:28.346 [FXGL Background Thread 4 ] DEBUG FXGLAssetLoaderServi - Loading from file system: jar:file:///C:/Users/ZIOD/.m2/repository/com/github/almasb/fxgl/17.3/fxgl-17.3.jar!/fxglassets/ui/fonts/VarelaRound-Regular.ttf
20:47:28.346 [FXGL Background Thread 1 ] DEBUG FXGLApplication      - Loading default localization
20:47:28.347 [FXGL Background Thread 1 ] DEBUG FXGLAssetLoaderServi - Loading from file system: jar:file:///C:/Users/ZIOD/.m2/repository/com/github/almasb/fxgl/17.3/fxgl-17.3.jar!/fxglassets/languages/english.lang
20:47:28.380 [FXGL Background Thread 1 ] INFO  FXGLApplication      - FXGL initialization took: 0.550 sec
20:47:28.381 [JavaFX Application Thread] DEBUG FXGLAssetLoaderServi - Loading from file system: jar:file:///C:/Users/ZIOD/.m2/repository/com/github/almasb/fxgl/17.3/fxgl-17.3.jar!/fxglassets/textures/fxgl_icon.png
20:47:28.386 [FXGL Background Thread 4 ] DEBUG FXGLAssetLoaderServi - Loading from file system: jar:file:///C:/Users/ZIOD/.m2/repository/com/github/almasb/fxgl/17.3/fxgl-17.3.jar!/fxglassets/ui/fonts/Abel-Regular.ttf
20:47:28.392 [FXGL Background Thread 4 ] DEBUG FXGLAssetLoaderServi - Loading from file system: jar:file:///C:/Users/ZIOD/.m2/repository/com/github/almasb/fxgl/17.3/fxgl-17.3.jar!/fxglassets/ui/fonts/TerminalLandMono-Regular.otf
20:47:28.396 [FXGL Background Thread 4 ] DEBUG FXGLAssetLoaderServi - Loading from file system: jar:file:///C:/Users/ZIOD/.m2/repository/com/github/almasb/fxgl/17.3/fxgl-17.3.jar!/fxglassets/ui/fonts/Courier-Prime.ttf
20:47:28.405 [JavaFX Application Thread] DEBUG FXGLAssetLoaderServi - Loading from file system: jar:file:///C:/Users/ZIOD/.m2/repository/com/github/almasb/fxgl/17.3/fxgl-17.3.jar!/fxglassets/textures/fxgl_default_cursor.png
20:47:28.421 [JavaFX Application Thread] DEBUG Input                - Registered new binding: Screenshot - CTRL+8
20:47:28.421 [JavaFX Application Thread] DEBUG Input                - Registered new binding: System info dump - CTRL+9
20:47:28.422 [JavaFX Application Thread] DEBUG Input                - Registered new binding: Restart - CTRL+R
20:47:28.422 [JavaFX Application Thread] DEBUG Input                - Registered new binding: Toggle Debug Camera - CTRL+7
20:47:28.427 [JavaFX Application Thread] DEBUG LoopRunner           - Starting loop
20:47:28.427 [JavaFX Application Thread] DEBUG LoopRunner           - Initializing JavaFX AnimationTimerLoop
20:47:28.428 [JavaFX Application Thread] DEBUG GameApplicationServi - Starting new game
20:47:28.429 [JavaFX Application Thread] DEBUG Input                - Clearing active input actions
20:47:28.447 [JavaFX Application Thread] DEBUG GameApplicationServi - Removing overlay from FXGLStartupScene and adding to FXGLLoadingScene
20:47:28.448 [JavaFX Application Thread] DEBUG PrimaryStageWindow   - FXGLStartupScene -> FXGLLoadingScene
20:47:28.448 [JavaFX Application Thread] DEBUG GameApplicationServi - Clearing previous game
20:47:28.448 [JavaFX Application Thread] DEBUG GameScene            - Clearing game scene
20:47:28.448 [JavaFX Application Thread] DEBUG GameWorld            - Clearing game world
20:47:28.448 [JavaFX Application Thread] DEBUG PhysicsWorld         - Clearing physics world
20:47:28.449 [FXGL Background Thread 4 ] DEBUG FXGLApplication      - Initializing game
20:47:28.449 [JavaFX Application Thread] DEBUG FXGLApplication      - Registering font factories with UI factory
20:47:28.452 [FXGL Background Thread 4 ] INFO  FXGLApplication      - Game initialization took: 0.002 sec
20:47:28.517 [JavaFX Application Thread] DEBUG Input                - Clearing active input actions
20:47:28.528 [JavaFX Application Thread] DEBUG GameApplicationServi - Removing overlay from FXGLLoadingScene and adding to GameScene
20:47:28.528 [JavaFX Application Thread] DEBUG PrimaryStageWindow   - FXGLLoadingScene -> GameScene
20:47:29.499 [FXGL Background Thread 2 ] INFO  UpdaterService       - Your current version:  17.3
20:47:29.499 [FXGL Background Thread 2 ] INFO  UpdaterService       - Latest stable version: 21.1
20:47:31.345 [FXGL Background Thread 3 ] DEBUG Engine               - Logging environment variables
20:47:31.347 [FXGL Background Thread 3 ] DEBUG Engine               - achievements: []
20:47:31.347 [FXGL Background Thread 3 ] DEBUG Engine               - actualHeight: 600.0
20:47:31.348 [FXGL Background Thread 3 ] DEBUG Engine               - actualHeightProperty: ReadOnlyDoubleProperty [value: 600.0]
20:47:31.348 [FXGL Background Thread 3 ] DEBUG Engine               - actualWidth: 800.0
20:47:31.348 [FXGL Background Thread 3 ] DEBUG Engine               - actualWidthProperty: ReadOnlyDoubleProperty [value: 800.0]
20:47:31.349 [FXGL Background Thread 3 ] DEBUG Engine               - appIcon: fxgl_icon.png
20:47:31.349 [FXGL Background Thread 3 ] DEBUG Engine               - applicationMode: DEVELOPER
20:47:31.349 [FXGL Background Thread 3 ] DEBUG Engine               - cSSList: [fxgl_dark.css]
20:47:31.349 [FXGL Background Thread 3 ] DEBUG Engine               - collisionDetectionStrategy: BRUTE_FORCE
20:47:31.350 [FXGL Background Thread 3 ] DEBUG Engine               - configClass: Optional.empty
20:47:31.350 [FXGL Background Thread 3 ] DEBUG Engine               - credits: []
20:47:31.351 [FXGL Background Thread 3 ] DEBUG Engine               - defaultCursor: CursorInfo(imageName=fxgl_default_cursor.png, hotspotX=7.0, hotspotY=6.0)
20:47:31.352 [FXGL Background Thread 3 ] DEBUG Engine               - devBBoxColorProperty: ObjectProperty [value: 0xff0000ff]
20:47:31.352 [FXGL Background Thread 3 ] DEBUG Engine               - devEnableDebugCameraProperty: BooleanProperty [value: false]
20:47:31.352 [FXGL Background Thread 3 ] DEBUG Engine               - devSensorColorProperty: ObjectProperty [value: 0xffff00ff]
20:47:31.353 [FXGL Background Thread 3 ] DEBUG Engine               - devShowBBoxProperty: BooleanProperty [value: false]
20:47:31.353 [FXGL Background Thread 3 ] DEBUG Engine               - devShowPositionProperty: BooleanProperty [value: false]
20:47:31.353 [FXGL Background Thread 3 ] DEBUG Engine               - enabledMenuItems: []
20:47:31.354 [FXGL Background Thread 3 ] DEBUG Engine               - engineServices: [class com.almasb.fxgl.app.services.FXGLAssetLoaderService, class com.almasb.fxgl.app.FXGLApplication$GameApplicationService, class com.almasb.fxgl.app.services.FXGLDialogService, class com.almasb.fxgl.app.services.IOTaskExecutorService, class com.almasb.fxgl.io.FileSystemService, class com.almasb.fxgl.localization.LocalizationService, class com.almasb.fxgl.app.services.SystemBundleService, class com.almasb.fxgl.profile.SaveLoadService, class com.almasb.fxgl.ui.FXGLUIFactoryServiceProvider, class com.almasb.fxgl.ui.FXGLDialogFactoryServiceProvider, class com.almasb.fxgl.audio.AudioPlayer, class com.almasb.fxgl.notification.impl.NotificationServiceProvider, class com.almasb.fxgl.achievement.AchievementService, class com.almasb.fxgl.cutscene.CutsceneService, class com.almasb.fxgl.minigames.MiniGameService, class com.almasb.fxgl.net.NetService, class com.almasb.fxgl.app.services.UpdaterService, class com.almasb.fxgl.dev.DevService]
20:47:31.354 [FXGL Background Thread 3 ] DEBUG Engine               - fontGame: Abel-Regular.ttf
20:47:31.354 [FXGL Background Thread 3 ] DEBUG Engine               - fontMono: TerminalLandMono-Regular.otf
20:47:31.354 [FXGL Background Thread 3 ] DEBUG Engine               - fontSizeScaleUI: 1.0
20:47:31.355 [FXGL Background Thread 3 ] DEBUG Engine               - fontText: Courier-Prime.ttf
20:47:31.355 [FXGL Background Thread 3 ] DEBUG Engine               - fontUI: VarelaRound-Regular.ttf
20:47:31.355 [FXGL Background Thread 3 ] DEBUG Engine               - fullScreen: BooleanProperty [value: false]
20:47:31.355 [FXGL Background Thread 3 ] DEBUG Engine               - gameDifficulty: MEDIUM
20:47:31.356 [FXGL Background Thread 3 ] DEBUG Engine               - gameDifficultyProperty: ObjectProperty [value: MEDIUM]
20:47:31.356 [FXGL Background Thread 3 ] DEBUG Engine               - globalMusicVolume: 0.5
20:47:31.357 [FXGL Background Thread 3 ] DEBUG Engine               - globalMusicVolumeProperty: DoubleProperty [value: 0.5]
20:47:31.357 [FXGL Background Thread 3 ] DEBUG Engine               - globalSoundVolume: 0.5
20:47:31.357 [FXGL Background Thread 3 ] DEBUG Engine               - globalSoundVolumeProperty: DoubleProperty [value: 0.5]
20:47:31.358 [FXGL Background Thread 3 ] DEBUG Engine               - height: 600
20:47:31.358 [FXGL Background Thread 3 ] DEBUG Engine               - is3D: false
20:47:31.359 [FXGL Background Thread 3 ] DEBUG Engine               - isAndroid: false
20:47:31.359 [FXGL Background Thread 3 ] DEBUG Engine               - isBrowser: false
20:47:31.359 [FXGL Background Thread 3 ] DEBUG Engine               - isClickFeedbackEnabled: false
20:47:31.359 [FXGL Background Thread 3 ] DEBUG Engine               - isCloseConfirmation: false
20:47:31.359 [FXGL Background Thread 3 ] DEBUG Engine               - isDesktop: true
20:47:31.360 [FXGL Background Thread 3 ] DEBUG Engine               - isDeveloperMenuEnabled: false
20:47:31.360 [FXGL Background Thread 3 ] DEBUG Engine               - isEmbedded: false
20:47:31.360 [FXGL Background Thread 3 ] DEBUG Engine               - isEntityPreloadEnabled: true
20:47:31.360 [FXGL Background Thread 3 ] DEBUG Engine               - isExperimentalTiledLargeMap: false
20:47:31.360 [FXGL Background Thread 3 ] DEBUG Engine               - isFileSystemWriteAllowed: true
20:47:31.361 [FXGL Background Thread 3 ] DEBUG Engine               - isFullScreenAllowed: false
20:47:31.361 [FXGL Background Thread 3 ] DEBUG Engine               - isFullScreenFromStart: false
20:47:31.361 [FXGL Background Thread 3 ] DEBUG Engine               - isGameMenuEnabled: true
20:47:31.361 [FXGL Background Thread 3 ] DEBUG Engine               - isIOS: false
20:47:31.362 [FXGL Background Thread 3 ] DEBUG Engine               - isIntroEnabled: false
20:47:31.362 [FXGL Background Thread 3 ] DEBUG Engine               - isLinux: false
20:47:31.362 [FXGL Background Thread 3 ] DEBUG Engine               - isMac: false
20:47:31.362 [FXGL Background Thread 3 ] DEBUG Engine               - isMainMenuEnabled: false
20:47:31.363 [FXGL Background Thread 3 ] DEBUG Engine               - isManualResizeEnabled: false
20:47:31.363 [FXGL Background Thread 3 ] DEBUG Engine               - isMobile: false
20:47:31.363 [FXGL Background Thread 3 ] DEBUG Engine               - isNative: false
20:47:31.363 [FXGL Background Thread 3 ] DEBUG Engine               - isPauseMusicWhenMinimized: true
20:47:31.364 [FXGL Background Thread 3 ] DEBUG Engine               - isPreserveResizeRatio: false
20:47:31.364 [FXGL Background Thread 3 ] DEBUG Engine               - isProfilingEnabled: false
20:47:31.364 [FXGL Background Thread 3 ] DEBUG Engine               - isScaleAffectedOnResize: true
20:47:31.364 [FXGL Background Thread 3 ] DEBUG Engine               - isSingleStep: false
20:47:31.365 [FXGL Background Thread 3 ] DEBUG Engine               - isUserProfileEnabled: false
20:47:31.365 [FXGL Background Thread 3 ] DEBUG Engine               - isWindows: true
20:47:31.365 [FXGL Background Thread 3 ] DEBUG Engine               - language: ObjectProperty [value: ENGLISH]
20:47:31.365 [FXGL Background Thread 3 ] DEBUG Engine               - menuKey: ESCAPE
20:47:31.366 [FXGL Background Thread 3 ] DEBUG Engine               - mouseSensitivity: 0.2
20:47:31.366 [FXGL Background Thread 3 ] DEBUG Engine               - notificationViewClass: class com.almasb.fxgl.notification.view.XboxNotificationView
20:47:31.366 [FXGL Background Thread 3 ] DEBUG Engine               - pixelsPerMeter: 50.0
20:47:31.366 [FXGL Background Thread 3 ] DEBUG Engine               - platform: WINDOWS
20:47:31.366 [FXGL Background Thread 3 ] DEBUG Engine               - prefHeightProperty: ReadOnlyDoubleProperty [value: 600.0]
20:47:31.367 [FXGL Background Thread 3 ] DEBUG Engine               - prefWidthProperty: ReadOnlyDoubleProperty [value: 800.0]
20:47:31.367 [FXGL Background Thread 3 ] DEBUG Engine               - profileDir: profiles/
20:47:31.367 [FXGL Background Thread 3 ] DEBUG Engine               - profileName: StringProperty [value: DEFAULT]
20:47:31.367 [FXGL Background Thread 3 ] DEBUG Engine               - randomSeed: -1
20:47:31.368 [FXGL Background Thread 3 ] DEBUG Engine               - runtimeInfo: RuntimeInfo(platform=WINDOWS, version=17.3, build=30.03.2023 11.49)
20:47:31.368 [FXGL Background Thread 3 ] DEBUG Engine               - saveFileExt: sav
20:47:31.369 [FXGL Background Thread 3 ] DEBUG Engine               - scaledHeightProp$fxgl: DoubleProperty [bound, value: 600.0]
20:47:31.369 [FXGL Background Thread 3 ] DEBUG Engine               - scaledWidthProp$fxgl: DoubleProperty [bound, value: 800.0]
20:47:31.369 [FXGL Background Thread 3 ] DEBUG Engine               - sceneFactory: com.almasb.fxgl.app.scene.SceneFactory@80a3173
20:47:31.369 [FXGL Background Thread 3 ] DEBUG Engine               - secondsIn24h: 60
20:47:31.369 [FXGL Background Thread 3 ] DEBUG Engine               - soundMenuBack: menu/back.wav
20:47:31.370 [FXGL Background Thread 3 ] DEBUG Engine               - soundMenuPress: menu/press.wav
20:47:31.370 [FXGL Background Thread 3 ] DEBUG Engine               - soundMenuSelect: menu/select.wav
20:47:31.370 [FXGL Background Thread 3 ] DEBUG Engine               - soundNotification: core/notification.wav
20:47:31.370 [FXGL Background Thread 3 ] DEBUG Engine               - stageStyle: DECORATED
20:47:31.370 [FXGL Background Thread 3 ] DEBUG Engine               - supportedLanguages: [ENGLISH, FRENCH, GERMAN, HUNGARIAN, RUSSIAN]
20:47:31.371 [FXGL Background Thread 3 ] DEBUG Engine               - ticksPerSecond: -1
20:47:31.371 [FXGL Background Thread 3 ] DEBUG Engine               - title: Combat Game
20:47:31.371 [FXGL Background Thread 3 ] DEBUG Engine               - urlGithub: https://github.com/AlmasB/FXGL
20:47:31.371 [FXGL Background Thread 3 ] DEBUG Engine               - urlLeaderboard: http://fxgl-top.herokuapp.com/
20:47:31.372 [FXGL Background Thread 3 ] DEBUG Engine               - urlPOM: https://raw.githubusercontent.com/AlmasB/FXGL/release/README.md
20:47:31.372 [FXGL Background Thread 3 ] DEBUG Engine               - userAppClass: class com.example.combatgame01.CombatGame
20:47:31.372 [FXGL Background Thread 3 ] DEBUG Engine               - version: 1.0
20:47:31.372 [FXGL Background Thread 3 ] DEBUG Engine               - versionCheckDays: 7
20:47:31.372 [FXGL Background Thread 3 ] DEBUG Engine               - width: 800
20:47:31.373 [FXGL Background Thread 3 ] DEBUG Engine               - Logging services
20:47:31.373 [FXGL Background Thread 3 ] DEBUG Engine               - class com.almasb.fxgl.app.services.FXGLAssetLoaderService
20:47:31.373 [FXGL Background Thread 3 ] DEBUG Engine               - class com.almasb.fxgl.app.FXGLApplication$GameApplicationService
20:47:31.373 [FXGL Background Thread 3 ] DEBUG Engine               - class com.almasb.fxgl.app.services.FXGLDialogService
20:47:31.373 [FXGL Background Thread 3 ] DEBUG Engine               - class com.almasb.fxgl.app.services.IOTaskExecutorService
20:47:31.374 [FXGL Background Thread 3 ] DEBUG Engine               - class com.almasb.fxgl.io.FileSystemService
20:47:31.374 [FXGL Background Thread 3 ] DEBUG Engine               - class com.almasb.fxgl.localization.LocalizationService
20:47:31.374 [FXGL Background Thread 3 ] DEBUG Engine               - class com.almasb.fxgl.app.services.SystemBundleService
20:47:31.374 [FXGL Background Thread 3 ] DEBUG Engine               - class com.almasb.fxgl.profile.SaveLoadService
20:47:31.374 [FXGL Background Thread 3 ] DEBUG Engine               - class com.almasb.fxgl.ui.FXGLUIFactoryServiceProvider
20:47:31.374 [FXGL Background Thread 3 ] DEBUG Engine               - class com.almasb.fxgl.ui.FXGLDialogFactoryServiceProvider
20:47:31.374 [FXGL Background Thread 3 ] DEBUG Engine               - class com.almasb.fxgl.audio.AudioPlayer
20:47:31.374 [FXGL Background Thread 3 ] DEBUG Engine               - class com.almasb.fxgl.notification.impl.NotificationServiceProvider
20:47:31.375 [FXGL Background Thread 3 ] DEBUG Engine               - class com.almasb.fxgl.achievement.AchievementService
20:47:31.375 [FXGL Background Thread 3 ] DEBUG Engine               - class com.almasb.fxgl.cutscene.CutsceneService
20:47:31.375 [FXGL Background Thread 3 ] DEBUG Engine               - class com.almasb.fxgl.minigames.MiniGameService
20:47:31.375 [FXGL Background Thread 3 ] DEBUG Engine               - class com.almasb.fxgl.net.NetService
20:47:31.375 [FXGL Background Thread 3 ] DEBUG Engine               - class com.almasb.fxgl.app.services.UpdaterService
20:47:31.375 [FXGL Background Thread 3 ] DEBUG Engine               - class com.almasb.fxgl.dev.DevService
20:47:34.475 [JavaFX Application Thread] DEBUG FXGLApplication      - Exiting FXGL
20:47:34.476 [JavaFX Application Thread] DEBUG LoopRunner           - Stopping loop
20:47:34.476 [JavaFX Application Thread] DEBUG SystemBundleService  - Saving FXGL system data
20:47:34.485 [JavaFX Application Thread] DEBUG FileSystemAccess     - Writing to: C:\Users\ZIOD\IdeaProjects\CombatGame01\system\fxgl.bundle
20:47:34.494 [JavaFX Application Thread] DEBUG Async                - Shutting down background threads
20:47:34.495 [JavaFX Application Thread] DEBUG PrimaryStageWindow   - Closing main window
20:47:34.530 [JavaFX Application Thread] DEBUG Logger               - Closing Logger
