22:01:50.153 [main                     ] DEBUG Logger               - Configured Logger
22:01:50.164 [main                     ] DEBUG GameApplication      - Logging settings
Title: Combat Game
Version: 1.0
Width: 800
Height: 600
Fullscreen: false
Intro: false
Profiling: false
Single step:false
App Mode: DEVELOPER
Menu Key: ESCAPE
Stage Style: DECORATED
Scene Factory: class com.almasb.fxgl.app.scene.SceneFactory

22:01:50.870 [JavaFX Application Thread] DEBUG FXGLApplication      - Initializing FXGL
22:01:50.875 [JavaFX Application Thread] INFO  Engine               - FXGL-17.3 (30.03.2023 11.49) on WINDOWS (J:24.0.2 FX:21.0.6)
22:01:50.876 [JavaFX Application Thread] DEBUG Engine               - JRE Vendor Name: Oracle Corporation
22:01:50.876 [JavaFX Application Thread] DEBUG Engine               - Running on OS: Windows 11 version 10.0
22:01:50.876 [JavaFX Application Thread] DEBUG Engine               - Architecture: amd64
22:01:50.876 [JavaFX Application Thread] INFO  Engine               - Source code and latest versions at: https://github.com/AlmasB/FXGL
22:01:50.876 [JavaFX Application Thread] INFO  Engine               -       Ask questions and discuss at: https://github.com/AlmasB/FXGL/discussions
22:01:50.877 [JavaFX Application Thread] INFO  Engine               -              Join the FXGL chat at: https://gitter.im/AlmasB/FXGL
22:01:51.033 [JavaFX Application Thread] DEBUG PrimaryStageWindow   - Creating a JavaFX scene
22:01:51.095 [JavaFX Application Thread] DEBUG PrimaryStageWindow   - Target settings size: 800.0 x 600.0
22:01:51.096 [JavaFX Application Thread] DEBUG PrimaryStageWindow   - Scaled scene size:    800.0 x 600.0
22:01:51.096 [JavaFX Application Thread] DEBUG PrimaryStageWindow   - Scaled ratio: (1.0, 1.0)
22:01:51.099 [JavaFX Application Thread] DEBUG PrimaryStageWindow   - Set initial scene to FXGLStartupScene
22:01:51.106 [JavaFX Application Thread] DEBUG PrimaryStageWindow   - Opening main window
22:01:51.204 [JavaFX Application Thread] DEBUG PrimaryStageWindow   - Window border size: (14.4000244140625, 37.5999755859375)
22:01:51.205 [JavaFX Application Thread] DEBUG PrimaryStageWindow   - Scaled size: 800.0 x 600.0
22:01:51.205 [JavaFX Application Thread] DEBUG PrimaryStageWindow   - Scaled ratio: (1.0, 1.0)
22:01:51.205 [JavaFX Application Thread] DEBUG PrimaryStageWindow   - Scene size: 800.0 x 600.0
22:01:51.206 [JavaFX Application Thread] DEBUG PrimaryStageWindow   - Stage size: 814.4000244140625 x 637.5999755859375
22:01:51.220 [FXGL Background Thread 1 ] DEBUG Engine               - Initializing environment variables
22:01:51.303 [FXGL Background Thread 1 ] DEBUG FXGLAssetLoaderServi - User app class for loading assets: class com.example.combatgame01.CombatGame
22:01:51.303 [FXGL Background Thread 1 ] DEBUG GameApplicationServi - Applying CSS: fxgl_dark.css
22:01:51.304 [FXGL Background Thread 1 ] DEBUG FXGLAssetLoaderServi - Loading from file system: jar:file:///C:/Users/ZIOD/.m2/repository/com/github/almasb/fxgl/17.3/fxgl-17.3.jar!/fxglassets/ui/css/fxgl_dark.css
22:01:51.380 [FXGL Background Thread 1 ] DEBUG GameApplicationServi - Initializing application scenes
22:01:51.430 [FXGL Background Thread 1 ] DEBUG GameWorld            - Game world initialized
22:01:51.525 [FXGL Background Thread 1 ] DEBUG PhysicsWorld         - Physics world initialized: appHeight=600, physics.ppm=50.0
22:01:51.525 [FXGL Background Thread 1 ] DEBUG PhysicsWorld         - Using strategy: BRUTE_FORCE
22:01:51.530 [FXGL Background Thread 1 ] DEBUG GameScene            - Game scene initialized: 800x600
22:01:51.551 [FXGL Background Thread 1 ] DEBUG FXGL.DefaultMenu     - createMenuBodyGameMenu()
22:01:51.578 [FXGL Background Thread 1 ] DEBUG FXGL.DefaultMenu     - createOptionsMenu()
22:01:51.597 [FXGL Background Thread 1 ] DEBUG FXGLAssetLoaderServi - Loading from file system: jar:file:///C:/Users/ZIOD/.m2/repository/com/github/almasb/fxgl/17.3/fxgl-17.3.jar!/fxglassets/textures/particles/smoke.png
22:01:51.731 [FXGL Background Thread 1 ] DEBUG FXGLAssetLoaderServi - Loading from file system: jar:file:///C:/Users/ZIOD/.m2/repository/com/github/almasb/fxgl/17.3/fxgl-17.3.jar!/fxglassets/textures/particles/trace_horizontal.png
22:01:51.778 [FXGL Background Thread 1 ] DEBUG GameApplicationServi - Application scenes initialized
22:01:51.798 [FXGL Background Thread 1 ] DEBUG SystemBundleService  - Loading FXGL system data
22:01:51.804 [FXGL Background Thread 1 ] DEBUG FileSystemAccess     - Reading from: C:\Users\ZIOD\IdeaProjects\CombatGame01\system\fxgl.bundle
22:01:51.809 [FXGL Background Thread 1 ] DEBUG SystemBundleService  - Bundle FXGL: {}
22:01:51.809 [FXGL Background Thread 1 ] DEBUG UpdaterService       - Checking for updates
22:01:51.814 [FXGL Background Thread 4 ] DEBUG FXGLApplication      - Loading fonts
22:01:51.814 [FXGL Background Thread 4 ] DEBUG FXGLAssetLoaderServi - Loading from file system: jar:file:///C:/Users/ZIOD/.m2/repository/com/github/almasb/fxgl/17.3/fxgl-17.3.jar!/fxglassets/ui/fonts/VarelaRound-Regular.ttf
22:01:51.815 [FXGL Background Thread 1 ] DEBUG FXGLApplication      - Loading default localization
22:01:51.815 [FXGL Background Thread 1 ] DEBUG FXGLAssetLoaderServi - Loading from file system: jar:file:///C:/Users/ZIOD/.m2/repository/com/github/almasb/fxgl/17.3/fxgl-17.3.jar!/fxglassets/languages/english.lang
22:01:51.826 [FXGL Background Thread 4 ] DEBUG FXGLAssetLoaderServi - Loading from file system: jar:file:///C:/Users/ZIOD/.m2/repository/com/github/almasb/fxgl/17.3/fxgl-17.3.jar!/fxglassets/ui/fonts/Abel-Regular.ttf
22:01:51.833 [FXGL Background Thread 4 ] DEBUG FXGLAssetLoaderServi - Loading from file system: jar:file:///C:/Users/ZIOD/.m2/repository/com/github/almasb/fxgl/17.3/fxgl-17.3.jar!/fxglassets/ui/fonts/TerminalLandMono-Regular.otf
22:01:51.838 [FXGL Background Thread 4 ] DEBUG FXGLAssetLoaderServi - Loading from file system: jar:file:///C:/Users/ZIOD/.m2/repository/com/github/almasb/fxgl/17.3/fxgl-17.3.jar!/fxglassets/ui/fonts/Courier-Prime.ttf
22:01:51.845 [FXGL Background Thread 1 ] INFO  FXGLApplication      - FXGL initialization took: 0.626 sec
22:01:51.846 [JavaFX Application Thread] DEBUG FXGLAssetLoaderServi - Loading from file system: jar:file:///C:/Users/ZIOD/.m2/repository/com/github/almasb/fxgl/17.3/fxgl-17.3.jar!/fxglassets/textures/fxgl_icon.png
22:01:51.870 [JavaFX Application Thread] DEBUG FXGLAssetLoaderServi - Loading from file system: jar:file:///C:/Users/ZIOD/.m2/repository/com/github/almasb/fxgl/17.3/fxgl-17.3.jar!/fxglassets/textures/fxgl_default_cursor.png
22:01:51.891 [JavaFX Application Thread] DEBUG Input                - Registered new binding: Screenshot - CTRL+8
22:01:51.892 [JavaFX Application Thread] DEBUG Input                - Registered new binding: System info dump - CTRL+9
22:01:51.892 [JavaFX Application Thread] DEBUG Input                - Registered new binding: Restart - CTRL+R
22:01:51.893 [JavaFX Application Thread] DEBUG Input                - Registered new binding: Toggle Debug Camera - CTRL+7
22:01:51.898 [JavaFX Application Thread] DEBUG LoopRunner           - Starting loop
22:01:51.898 [JavaFX Application Thread] DEBUG LoopRunner           - Initializing JavaFX AnimationTimerLoop
22:01:51.901 [JavaFX Application Thread] DEBUG GameApplicationServi - Starting new game
22:01:51.902 [JavaFX Application Thread] DEBUG Input                - Clearing active input actions
22:01:51.916 [JavaFX Application Thread] DEBUG GameApplicationServi - Removing overlay from FXGLStartupScene and adding to FXGLLoadingScene
22:01:51.916 [JavaFX Application Thread] DEBUG PrimaryStageWindow   - FXGLStartupScene -> FXGLLoadingScene
22:01:51.916 [JavaFX Application Thread] DEBUG GameApplicationServi - Clearing previous game
22:01:51.916 [JavaFX Application Thread] DEBUG GameScene            - Clearing game scene
22:01:51.916 [JavaFX Application Thread] DEBUG GameWorld            - Clearing game world
22:01:51.917 [JavaFX Application Thread] DEBUG PhysicsWorld         - Clearing physics world
22:01:51.920 [JavaFX Application Thread] DEBUG FXGLApplication      - Registering font factories with UI factory
22:01:51.920 [FXGL Background Thread 4 ] DEBUG FXGLApplication      - Initializing game
22:01:51.922 [FXGL Background Thread 4 ] INFO  FXGLApplication      - Game initialization took: 0.002 sec
22:01:51.986 [JavaFX Application Thread] DEBUG Input                - Clearing active input actions
22:01:51.996 [JavaFX Application Thread] DEBUG GameApplicationServi - Removing overlay from FXGLLoadingScene and adding to GameScene
22:01:51.996 [JavaFX Application Thread] DEBUG PrimaryStageWindow   - FXGLLoadingScene -> GameScene
22:01:54.812 [FXGL Background Thread 3 ] DEBUG Engine               - Logging environment variables
22:01:54.812 [FXGL Background Thread 3 ] DEBUG Engine               - achievements: []
22:01:54.812 [FXGL Background Thread 3 ] DEBUG Engine               - actualHeight: 600.0
22:01:54.812 [FXGL Background Thread 3 ] DEBUG Engine               - actualHeightProperty: ReadOnlyDoubleProperty [value: 600.0]
22:01:54.812 [FXGL Background Thread 3 ] DEBUG Engine               - actualWidth: 800.0
22:01:54.813 [FXGL Background Thread 3 ] DEBUG Engine               - actualWidthProperty: ReadOnlyDoubleProperty [value: 800.0]
22:01:54.813 [FXGL Background Thread 3 ] DEBUG Engine               - appIcon: fxgl_icon.png
22:01:54.813 [FXGL Background Thread 3 ] DEBUG Engine               - applicationMode: DEVELOPER
22:01:54.813 [FXGL Background Thread 3 ] DEBUG Engine               - cSSList: [fxgl_dark.css]
22:01:54.813 [FXGL Background Thread 3 ] DEBUG Engine               - collisionDetectionStrategy: BRUTE_FORCE
22:01:54.813 [FXGL Background Thread 3 ] DEBUG Engine               - configClass: Optional.empty
22:01:54.813 [FXGL Background Thread 3 ] DEBUG Engine               - credits: []
22:01:54.813 [FXGL Background Thread 3 ] DEBUG Engine               - defaultCursor: CursorInfo(imageName=fxgl_default_cursor.png, hotspotX=7.0, hotspotY=6.0)
22:01:54.813 [FXGL Background Thread 3 ] DEBUG Engine               - devBBoxColorProperty: ObjectProperty [value: 0xff0000ff]
22:01:54.813 [FXGL Background Thread 3 ] DEBUG Engine               - devEnableDebugCameraProperty: BooleanProperty [value: false]
22:01:54.813 [FXGL Background Thread 3 ] DEBUG Engine               - devSensorColorProperty: ObjectProperty [value: 0xffff00ff]
22:01:54.813 [FXGL Background Thread 3 ] DEBUG Engine               - devShowBBoxProperty: BooleanProperty [value: false]
22:01:54.814 [FXGL Background Thread 3 ] DEBUG Engine               - devShowPositionProperty: BooleanProperty [value: false]
22:01:54.814 [FXGL Background Thread 3 ] DEBUG Engine               - enabledMenuItems: []
22:01:54.814 [FXGL Background Thread 3 ] DEBUG Engine               - engineServices: [class com.almasb.fxgl.app.services.FXGLAssetLoaderService, class com.almasb.fxgl.app.FXGLApplication$GameApplicationService, class com.almasb.fxgl.app.services.FXGLDialogService, class com.almasb.fxgl.app.services.IOTaskExecutorService, class com.almasb.fxgl.io.FileSystemService, class com.almasb.fxgl.localization.LocalizationService, class com.almasb.fxgl.app.services.SystemBundleService, class com.almasb.fxgl.profile.SaveLoadService, class com.almasb.fxgl.ui.FXGLUIFactoryServiceProvider, class com.almasb.fxgl.ui.FXGLDialogFactoryServiceProvider, class com.almasb.fxgl.audio.AudioPlayer, class com.almasb.fxgl.notification.impl.NotificationServiceProvider, class com.almasb.fxgl.achievement.AchievementService, class com.almasb.fxgl.cutscene.CutsceneService, class com.almasb.fxgl.minigames.MiniGameService, class com.almasb.fxgl.net.NetService, class com.almasb.fxgl.app.services.UpdaterService, class com.almasb.fxgl.dev.DevService]
22:01:54.814 [FXGL Background Thread 3 ] DEBUG Engine               - fontGame: Abel-Regular.ttf
22:01:54.814 [FXGL Background Thread 3 ] DEBUG Engine               - fontMono: TerminalLandMono-Regular.otf
22:01:54.814 [FXGL Background Thread 3 ] DEBUG Engine               - fontSizeScaleUI: 1.0
22:01:54.814 [FXGL Background Thread 3 ] DEBUG Engine               - fontText: Courier-Prime.ttf
22:01:54.814 [FXGL Background Thread 3 ] DEBUG Engine               - fontUI: VarelaRound-Regular.ttf
22:01:54.814 [FXGL Background Thread 3 ] DEBUG Engine               - fullScreen: BooleanProperty [value: false]
22:01:54.814 [FXGL Background Thread 3 ] DEBUG Engine               - gameDifficulty: MEDIUM
22:01:54.814 [FXGL Background Thread 3 ] DEBUG Engine               - gameDifficultyProperty: ObjectProperty [value: MEDIUM]
22:01:54.814 [FXGL Background Thread 3 ] DEBUG Engine               - globalMusicVolume: 0.5
22:01:54.814 [FXGL Background Thread 3 ] DEBUG Engine               - globalMusicVolumeProperty: DoubleProperty [value: 0.5]
22:01:54.814 [FXGL Background Thread 3 ] DEBUG Engine               - globalSoundVolume: 0.5
22:01:54.814 [FXGL Background Thread 3 ] DEBUG Engine               - globalSoundVolumeProperty: DoubleProperty [value: 0.5]
22:01:54.814 [FXGL Background Thread 3 ] DEBUG Engine               - height: 600
22:01:54.814 [FXGL Background Thread 3 ] DEBUG Engine               - is3D: false
22:01:54.814 [FXGL Background Thread 3 ] DEBUG Engine               - isAndroid: false
22:01:54.815 [FXGL Background Thread 3 ] DEBUG Engine               - isBrowser: false
22:01:54.815 [FXGL Background Thread 3 ] DEBUG Engine               - isClickFeedbackEnabled: false
22:01:54.815 [FXGL Background Thread 3 ] DEBUG Engine               - isCloseConfirmation: false
22:01:54.815 [FXGL Background Thread 3 ] DEBUG Engine               - isDesktop: true
22:01:54.815 [FXGL Background Thread 3 ] DEBUG Engine               - isDeveloperMenuEnabled: false
22:01:54.815 [FXGL Background Thread 3 ] DEBUG Engine               - isEmbedded: false
22:01:54.815 [FXGL Background Thread 3 ] DEBUG Engine               - isEntityPreloadEnabled: true
22:01:54.815 [FXGL Background Thread 3 ] DEBUG Engine               - isExperimentalTiledLargeMap: false
22:01:54.815 [FXGL Background Thread 3 ] DEBUG Engine               - isFileSystemWriteAllowed: true
22:01:54.815 [FXGL Background Thread 3 ] DEBUG Engine               - isFullScreenAllowed: false
22:01:54.815 [FXGL Background Thread 3 ] DEBUG Engine               - isFullScreenFromStart: false
22:01:54.815 [FXGL Background Thread 3 ] DEBUG Engine               - isGameMenuEnabled: true
22:01:54.815 [FXGL Background Thread 3 ] DEBUG Engine               - isIOS: false
22:01:54.815 [FXGL Background Thread 3 ] DEBUG Engine               - isIntroEnabled: false
22:01:54.815 [FXGL Background Thread 3 ] DEBUG Engine               - isLinux: false
22:01:54.815 [FXGL Background Thread 3 ] DEBUG Engine               - isMac: false
22:01:54.815 [FXGL Background Thread 3 ] DEBUG Engine               - isMainMenuEnabled: false
22:01:54.815 [FXGL Background Thread 3 ] DEBUG Engine               - isManualResizeEnabled: false
22:01:54.816 [FXGL Background Thread 3 ] DEBUG Engine               - isMobile: false
22:01:54.816 [FXGL Background Thread 3 ] DEBUG Engine               - isNative: false
22:01:54.816 [FXGL Background Thread 3 ] DEBUG Engine               - isPauseMusicWhenMinimized: true
22:01:54.816 [FXGL Background Thread 3 ] DEBUG Engine               - isPreserveResizeRatio: false
22:01:54.816 [FXGL Background Thread 3 ] DEBUG Engine               - isProfilingEnabled: false
22:01:54.816 [FXGL Background Thread 3 ] DEBUG Engine               - isScaleAffectedOnResize: true
22:01:54.816 [FXGL Background Thread 3 ] DEBUG Engine               - isSingleStep: false
22:01:54.816 [FXGL Background Thread 3 ] DEBUG Engine               - isUserProfileEnabled: false
22:01:54.816 [FXGL Background Thread 3 ] DEBUG Engine               - isWindows: true
22:01:54.816 [FXGL Background Thread 3 ] DEBUG Engine               - language: ObjectProperty [value: ENGLISH]
22:01:54.816 [FXGL Background Thread 3 ] DEBUG Engine               - menuKey: ESCAPE
22:01:54.816 [FXGL Background Thread 3 ] DEBUG Engine               - mouseSensitivity: 0.2
22:01:54.816 [FXGL Background Thread 3 ] DEBUG Engine               - notificationViewClass: class com.almasb.fxgl.notification.view.XboxNotificationView
22:01:54.816 [FXGL Background Thread 3 ] DEBUG Engine               - pixelsPerMeter: 50.0
22:01:54.816 [FXGL Background Thread 3 ] DEBUG Engine               - platform: WINDOWS
22:01:54.816 [FXGL Background Thread 3 ] DEBUG Engine               - prefHeightProperty: ReadOnlyDoubleProperty [value: 600.0]
22:01:54.817 [FXGL Background Thread 3 ] DEBUG Engine               - prefWidthProperty: ReadOnlyDoubleProperty [value: 800.0]
22:01:54.817 [FXGL Background Thread 3 ] DEBUG Engine               - profileDir: profiles/
22:01:54.817 [FXGL Background Thread 3 ] DEBUG Engine               - profileName: StringProperty [value: DEFAULT]
22:01:54.817 [FXGL Background Thread 3 ] DEBUG Engine               - randomSeed: -1
22:01:54.817 [FXGL Background Thread 3 ] DEBUG Engine               - runtimeInfo: RuntimeInfo(platform=WINDOWS, version=17.3, build=30.03.2023 11.49)
22:01:54.817 [FXGL Background Thread 3 ] DEBUG Engine               - saveFileExt: sav
22:01:54.817 [FXGL Background Thread 3 ] DEBUG Engine               - scaledHeightProp$fxgl: DoubleProperty [bound, value: 600.0]
22:01:54.817 [FXGL Background Thread 3 ] DEBUG Engine               - scaledWidthProp$fxgl: DoubleProperty [bound, value: 800.0]
22:01:54.817 [FXGL Background Thread 3 ] DEBUG Engine               - sceneFactory: com.almasb.fxgl.app.scene.SceneFactory@20882e52
22:01:54.817 [FXGL Background Thread 3 ] DEBUG Engine               - secondsIn24h: 60
22:01:54.817 [FXGL Background Thread 3 ] DEBUG Engine               - soundMenuBack: menu/back.wav
22:01:54.817 [FXGL Background Thread 3 ] DEBUG Engine               - soundMenuPress: menu/press.wav
22:01:54.817 [FXGL Background Thread 3 ] DEBUG Engine               - soundMenuSelect: menu/select.wav
22:01:54.817 [FXGL Background Thread 3 ] DEBUG Engine               - soundNotification: core/notification.wav
22:01:54.817 [FXGL Background Thread 3 ] DEBUG Engine               - stageStyle: DECORATED
22:01:54.817 [FXGL Background Thread 3 ] DEBUG Engine               - supportedLanguages: [ENGLISH, FRENCH, GERMAN, HUNGARIAN, RUSSIAN]
22:01:54.818 [FXGL Background Thread 3 ] DEBUG Engine               - ticksPerSecond: -1
22:01:54.818 [FXGL Background Thread 3 ] DEBUG Engine               - title: Combat Game
22:01:54.818 [FXGL Background Thread 3 ] DEBUG Engine               - urlGithub: https://github.com/AlmasB/FXGL
22:01:54.818 [FXGL Background Thread 3 ] DEBUG Engine               - urlLeaderboard: http://fxgl-top.herokuapp.com/
22:01:54.818 [FXGL Background Thread 3 ] DEBUG Engine               - urlPOM: https://raw.githubusercontent.com/AlmasB/FXGL/release/README.md
22:01:54.818 [FXGL Background Thread 3 ] DEBUG Engine               - userAppClass: class com.example.combatgame01.CombatGame
22:01:54.818 [FXGL Background Thread 3 ] DEBUG Engine               - version: 1.0
22:01:54.818 [FXGL Background Thread 3 ] DEBUG Engine               - versionCheckDays: 7
22:01:54.818 [FXGL Background Thread 3 ] DEBUG Engine               - width: 800
22:01:54.818 [FXGL Background Thread 3 ] DEBUG Engine               - Logging services
22:01:54.818 [FXGL Background Thread 3 ] DEBUG Engine               - class com.almasb.fxgl.app.services.FXGLAssetLoaderService
22:01:54.818 [FXGL Background Thread 3 ] DEBUG Engine               - class com.almasb.fxgl.app.FXGLApplication$GameApplicationService
22:01:54.818 [FXGL Background Thread 3 ] DEBUG Engine               - class com.almasb.fxgl.app.services.FXGLDialogService
22:01:54.818 [FXGL Background Thread 3 ] DEBUG Engine               - class com.almasb.fxgl.app.services.IOTaskExecutorService
22:01:54.818 [FXGL Background Thread 3 ] DEBUG Engine               - class com.almasb.fxgl.io.FileSystemService
22:01:54.818 [FXGL Background Thread 3 ] DEBUG Engine               - class com.almasb.fxgl.localization.LocalizationService
22:01:54.818 [FXGL Background Thread 3 ] DEBUG Engine               - class com.almasb.fxgl.app.services.SystemBundleService
22:01:54.818 [FXGL Background Thread 3 ] DEBUG Engine               - class com.almasb.fxgl.profile.SaveLoadService
22:01:54.818 [FXGL Background Thread 3 ] DEBUG Engine               - class com.almasb.fxgl.ui.FXGLUIFactoryServiceProvider
22:01:54.819 [FXGL Background Thread 3 ] DEBUG Engine               - class com.almasb.fxgl.ui.FXGLDialogFactoryServiceProvider
22:01:54.819 [FXGL Background Thread 3 ] DEBUG Engine               - class com.almasb.fxgl.audio.AudioPlayer
22:01:54.819 [FXGL Background Thread 3 ] DEBUG Engine               - class com.almasb.fxgl.notification.impl.NotificationServiceProvider
22:01:54.819 [FXGL Background Thread 3 ] DEBUG Engine               - class com.almasb.fxgl.achievement.AchievementService
22:01:54.819 [FXGL Background Thread 3 ] DEBUG Engine               - class com.almasb.fxgl.cutscene.CutsceneService
22:01:54.819 [FXGL Background Thread 3 ] DEBUG Engine               - class com.almasb.fxgl.minigames.MiniGameService
22:01:54.819 [FXGL Background Thread 3 ] DEBUG Engine               - class com.almasb.fxgl.net.NetService
22:01:54.819 [FXGL Background Thread 3 ] DEBUG Engine               - class com.almasb.fxgl.app.services.UpdaterService
22:01:54.819 [FXGL Background Thread 3 ] DEBUG Engine               - class com.almasb.fxgl.dev.DevService
22:02:02.121 [FXGL Background Thread 2 ] INFO  UpdaterService       - Your current version:  17.3
22:02:02.122 [FXGL Background Thread 2 ] INFO  UpdaterService       - Latest stable version: 21.1
22:02:50.269 [JavaFX Application Thread] DEBUG FXGLApplication      - Exiting FXGL
22:02:50.270 [JavaFX Application Thread] DEBUG LoopRunner           - Stopping loop
22:02:50.270 [JavaFX Application Thread] DEBUG SystemBundleService  - Saving FXGL system data
22:02:50.272 [JavaFX Application Thread] DEBUG FileSystemAccess     - Writing to: C:\Users\ZIOD\IdeaProjects\CombatGame01\system\fxgl.bundle
22:02:50.274 [JavaFX Application Thread] DEBUG Async                - Shutting down background threads
22:02:50.274 [JavaFX Application Thread] DEBUG PrimaryStageWindow   - Closing main window
22:02:50.289 [JavaFX Application Thread] DEBUG Logger               - Closing Logger
