22:32:42.885 [main                     ] DEBUG Logger               - Configured Logger
22:32:42.895 [main                     ] DEBUG GameApplication      - Logging settings
Title: Combat Game
Version: 1.0
Width: 800
Height: 600
Fullscreen: false
Intro: false
Profiling: false
Single step:false
App Mode: DEVELOPER
Menu Key: ESCAPE
Stage Style: DECORATED
Scene Factory: class com.almasb.fxgl.app.scene.SceneFactory

22:32:43.325 [JavaFX Application Thread] DEBUG FXGLApplication      - Initializing FXGL
22:32:43.329 [JavaFX Application Thread] INFO  Engine               - FXGL-17.3 (30.03.2023 11.49) on WINDOWS (J:24.0.2 FX:21.0.6)
22:32:43.329 [JavaFX Application Thread] DEBUG Engine               - JRE Vendor Name: Oracle Corporation
22:32:43.330 [JavaFX Application Thread] DEBUG Engine               - Running on OS: Windows 11 version 10.0
22:32:43.330 [JavaFX Application Thread] DEBUG Engine               - Architecture: amd64
22:32:43.330 [JavaFX Application Thread] INFO  Engine               - Source code and latest versions at: https://github.com/AlmasB/FXGL
22:32:43.330 [JavaFX Application Thread] INFO  Engine               -       Ask questions and discuss at: https://github.com/AlmasB/FXGL/discussions
22:32:43.330 [JavaFX Application Thread] INFO  Engine               -              Join the FXGL chat at: https://gitter.im/AlmasB/FXGL
22:32:43.434 [JavaFX Application Thread] DEBUG PrimaryStageWindow   - Creating a JavaFX scene
22:32:43.492 [JavaFX Application Thread] DEBUG PrimaryStageWindow   - Target settings size: 800.0 x 600.0
22:32:43.493 [JavaFX Application Thread] DEBUG PrimaryStageWindow   - Scaled scene size:    800.0 x 600.0
22:32:43.493 [JavaFX Application Thread] DEBUG PrimaryStageWindow   - Scaled ratio: (1.0, 1.0)
22:32:43.494 [JavaFX Application Thread] DEBUG PrimaryStageWindow   - Set initial scene to FXGLStartupScene
22:32:43.497 [JavaFX Application Thread] DEBUG PrimaryStageWindow   - Opening main window
22:32:43.603 [JavaFX Application Thread] DEBUG PrimaryStageWindow   - Window border size: (16.0, 39.0)
22:32:43.603 [JavaFX Application Thread] DEBUG PrimaryStageWindow   - Scaled size: 800.0 x 600.0
22:32:43.604 [JavaFX Application Thread] DEBUG PrimaryStageWindow   - Scaled ratio: (1.0, 1.0)
22:32:43.604 [JavaFX Application Thread] DEBUG PrimaryStageWindow   - Scene size: 800.0 x 600.0
22:32:43.604 [JavaFX Application Thread] DEBUG PrimaryStageWindow   - Stage size: 816.0 x 639.0
22:32:43.615 [FXGL Background Thread 1 ] DEBUG Engine               - Initializing environment variables
22:32:43.710 [FXGL Background Thread 1 ] DEBUG FXGLAssetLoaderServi - User app class for loading assets: class com.example.combatgame01.CombatGame
22:32:43.710 [FXGL Background Thread 1 ] DEBUG GameApplicationServi - Applying CSS: fxgl_dark.css
22:32:43.711 [FXGL Background Thread 1 ] DEBUG FXGLAssetLoaderServi - Loading from file system: jar:file:///C:/Users/ZIOD/.m2/repository/com/github/almasb/fxgl/17.3/fxgl-17.3.jar!/fxglassets/ui/css/fxgl_dark.css
22:32:43.771 [FXGL Background Thread 1 ] DEBUG GameApplicationServi - Initializing application scenes
22:32:43.808 [FXGL Background Thread 1 ] DEBUG GameWorld            - Game world initialized
22:32:43.885 [FXGL Background Thread 1 ] DEBUG PhysicsWorld         - Physics world initialized: appHeight=600, physics.ppm=50.0
22:32:43.885 [FXGL Background Thread 1 ] DEBUG PhysicsWorld         - Using strategy: BRUTE_FORCE
22:32:43.892 [FXGL Background Thread 1 ] DEBUG GameScene            - Game scene initialized: 800x600
22:32:43.914 [FXGL Background Thread 1 ] DEBUG FXGL.DefaultMenu     - createMenuBodyGameMenu()
22:32:43.933 [FXGL Background Thread 1 ] DEBUG FXGL.DefaultMenu     - createOptionsMenu()
22:32:43.949 [FXGL Background Thread 1 ] DEBUG FXGLAssetLoaderServi - Loading from file system: jar:file:///C:/Users/ZIOD/.m2/repository/com/github/almasb/fxgl/17.3/fxgl-17.3.jar!/fxglassets/textures/particles/smoke.png
22:32:44.052 [FXGL Background Thread 1 ] DEBUG FXGLAssetLoaderServi - Loading from file system: jar:file:///C:/Users/ZIOD/.m2/repository/com/github/almasb/fxgl/17.3/fxgl-17.3.jar!/fxglassets/textures/particles/trace_horizontal.png
22:32:44.086 [FXGL Background Thread 1 ] DEBUG GameApplicationServi - Application scenes initialized
22:32:44.098 [FXGL Background Thread 1 ] DEBUG SystemBundleService  - Loading FXGL system data
22:32:44.103 [FXGL Background Thread 1 ] DEBUG FileSystemAccess     - Reading from: C:\Users\ZIOD\IdeaProjects\CombatGame01\system\fxgl.bundle
22:32:44.113 [FXGL Background Thread 1 ] DEBUG SystemBundleService  - Bundle FXGL: {}
22:32:44.114 [FXGL Background Thread 1 ] DEBUG UpdaterService       - Checking for updates
22:32:44.121 [FXGL Background Thread 4 ] DEBUG FXGLApplication      - Loading fonts
22:32:44.122 [FXGL Background Thread 4 ] DEBUG FXGLAssetLoaderServi - Loading from file system: jar:file:///C:/Users/ZIOD/.m2/repository/com/github/almasb/fxgl/17.3/fxgl-17.3.jar!/fxglassets/ui/fonts/VarelaRound-Regular.ttf
22:32:44.122 [FXGL Background Thread 1 ] DEBUG FXGLApplication      - Loading default localization
22:32:44.122 [FXGL Background Thread 1 ] DEBUG FXGLAssetLoaderServi - Loading from file system: jar:file:///C:/Users/ZIOD/.m2/repository/com/github/almasb/fxgl/17.3/fxgl-17.3.jar!/fxglassets/languages/english.lang
22:32:44.152 [FXGL Background Thread 1 ] INFO  FXGLApplication      - FXGL initialization took: 0.536 sec
22:32:44.154 [JavaFX Application Thread] DEBUG FXGLAssetLoaderServi - Loading from file system: jar:file:///C:/Users/ZIOD/.m2/repository/com/github/almasb/fxgl/17.3/fxgl-17.3.jar!/fxglassets/textures/fxgl_icon.png
22:32:44.164 [FXGL Background Thread 4 ] DEBUG FXGLAssetLoaderServi - Loading from file system: jar:file:///C:/Users/ZIOD/.m2/repository/com/github/almasb/fxgl/17.3/fxgl-17.3.jar!/fxglassets/ui/fonts/Abel-Regular.ttf
22:32:44.169 [FXGL Background Thread 4 ] DEBUG FXGLAssetLoaderServi - Loading from file system: jar:file:///C:/Users/ZIOD/.m2/repository/com/github/almasb/fxgl/17.3/fxgl-17.3.jar!/fxglassets/ui/fonts/TerminalLandMono-Regular.otf
22:32:44.174 [FXGL Background Thread 4 ] DEBUG FXGLAssetLoaderServi - Loading from file system: jar:file:///C:/Users/ZIOD/.m2/repository/com/github/almasb/fxgl/17.3/fxgl-17.3.jar!/fxglassets/ui/fonts/Courier-Prime.ttf
22:32:44.178 [JavaFX Application Thread] DEBUG FXGLAssetLoaderServi - Loading from file system: jar:file:///C:/Users/ZIOD/.m2/repository/com/github/almasb/fxgl/17.3/fxgl-17.3.jar!/fxglassets/textures/fxgl_default_cursor.png
22:32:44.196 [JavaFX Application Thread] DEBUG Input                - Registered new binding: Screenshot - CTRL+8
22:32:44.198 [JavaFX Application Thread] DEBUG Input                - Registered new binding: System info dump - CTRL+9
22:32:44.198 [JavaFX Application Thread] DEBUG Input                - Registered new binding: Restart - CTRL+R
22:32:44.199 [JavaFX Application Thread] DEBUG Input                - Registered new binding: Toggle Debug Camera - CTRL+7
22:32:44.206 [JavaFX Application Thread] DEBUG LoopRunner           - Starting loop
22:32:44.206 [JavaFX Application Thread] DEBUG LoopRunner           - Initializing JavaFX AnimationTimerLoop
22:32:44.208 [JavaFX Application Thread] DEBUG GameApplicationServi - Starting new game
22:32:44.209 [JavaFX Application Thread] DEBUG Input                - Clearing active input actions
22:32:44.223 [JavaFX Application Thread] DEBUG GameApplicationServi - Removing overlay from FXGLStartupScene and adding to FXGLLoadingScene
22:32:44.223 [JavaFX Application Thread] DEBUG PrimaryStageWindow   - FXGLStartupScene -> FXGLLoadingScene
22:32:44.223 [JavaFX Application Thread] DEBUG GameApplicationServi - Clearing previous game
22:32:44.223 [JavaFX Application Thread] DEBUG GameScene            - Clearing game scene
22:32:44.223 [JavaFX Application Thread] DEBUG GameWorld            - Clearing game world
22:32:44.223 [JavaFX Application Thread] DEBUG PhysicsWorld         - Clearing physics world
22:32:44.229 [JavaFX Application Thread] DEBUG FXGLApplication      - Registering font factories with UI factory
22:32:44.229 [FXGL Background Thread 4 ] DEBUG FXGLApplication      - Initializing game
22:32:44.230 [FXGL Background Thread 4 ] INFO  FXGLApplication      - Game initialization took: 0.002 sec
22:32:44.298 [JavaFX Application Thread] DEBUG Input                - Clearing active input actions
22:32:44.308 [JavaFX Application Thread] DEBUG GameApplicationServi - Removing overlay from FXGLLoadingScene and adding to GameScene
22:32:44.309 [JavaFX Application Thread] DEBUG PrimaryStageWindow   - FXGLLoadingScene -> GameScene
22:32:47.119 [FXGL Background Thread 3 ] DEBUG Engine               - Logging environment variables
22:32:47.121 [FXGL Background Thread 3 ] DEBUG Engine               - achievements: []
22:32:47.122 [FXGL Background Thread 3 ] DEBUG Engine               - actualHeight: 600.0
22:32:47.122 [FXGL Background Thread 3 ] DEBUG Engine               - actualHeightProperty: ReadOnlyDoubleProperty [value: 600.0]
22:32:47.123 [FXGL Background Thread 3 ] DEBUG Engine               - actualWidth: 800.0
22:32:47.123 [FXGL Background Thread 3 ] DEBUG Engine               - actualWidthProperty: ReadOnlyDoubleProperty [value: 800.0]
22:32:47.123 [FXGL Background Thread 3 ] DEBUG Engine               - appIcon: fxgl_icon.png
22:32:47.123 [FXGL Background Thread 3 ] DEBUG Engine               - applicationMode: DEVELOPER
22:32:47.124 [FXGL Background Thread 3 ] DEBUG Engine               - cSSList: [fxgl_dark.css]
22:32:47.124 [FXGL Background Thread 3 ] DEBUG Engine               - collisionDetectionStrategy: BRUTE_FORCE
22:32:47.124 [FXGL Background Thread 3 ] DEBUG Engine               - configClass: Optional.empty
22:32:47.124 [FXGL Background Thread 3 ] DEBUG Engine               - credits: []
22:32:47.126 [FXGL Background Thread 3 ] DEBUG Engine               - defaultCursor: CursorInfo(imageName=fxgl_default_cursor.png, hotspotX=7.0, hotspotY=6.0)
22:32:47.127 [FXGL Background Thread 3 ] DEBUG Engine               - devBBoxColorProperty: ObjectProperty [value: 0xff0000ff]
22:32:47.127 [FXGL Background Thread 3 ] DEBUG Engine               - devEnableDebugCameraProperty: BooleanProperty [value: false]
22:32:47.127 [FXGL Background Thread 3 ] DEBUG Engine               - devSensorColorProperty: ObjectProperty [value: 0xffff00ff]
22:32:47.128 [FXGL Background Thread 3 ] DEBUG Engine               - devShowBBoxProperty: BooleanProperty [value: false]
22:32:47.128 [FXGL Background Thread 3 ] DEBUG Engine               - devShowPositionProperty: BooleanProperty [value: false]
22:32:47.129 [FXGL Background Thread 3 ] DEBUG Engine               - enabledMenuItems: []
22:32:47.129 [FXGL Background Thread 3 ] DEBUG Engine               - engineServices: [class com.almasb.fxgl.app.services.FXGLAssetLoaderService, class com.almasb.fxgl.app.FXGLApplication$GameApplicationService, class com.almasb.fxgl.app.services.FXGLDialogService, class com.almasb.fxgl.app.services.IOTaskExecutorService, class com.almasb.fxgl.io.FileSystemService, class com.almasb.fxgl.localization.LocalizationService, class com.almasb.fxgl.app.services.SystemBundleService, class com.almasb.fxgl.profile.SaveLoadService, class com.almasb.fxgl.ui.FXGLUIFactoryServiceProvider, class com.almasb.fxgl.ui.FXGLDialogFactoryServiceProvider, class com.almasb.fxgl.audio.AudioPlayer, class com.almasb.fxgl.notification.impl.NotificationServiceProvider, class com.almasb.fxgl.achievement.AchievementService, class com.almasb.fxgl.cutscene.CutsceneService, class com.almasb.fxgl.minigames.MiniGameService, class com.almasb.fxgl.net.NetService, class com.almasb.fxgl.app.services.UpdaterService, class com.almasb.fxgl.dev.DevService]
22:32:47.129 [FXGL Background Thread 3 ] DEBUG Engine               - fontGame: Abel-Regular.ttf
22:32:47.130 [FXGL Background Thread 3 ] DEBUG Engine               - fontMono: TerminalLandMono-Regular.otf
22:32:47.130 [FXGL Background Thread 3 ] DEBUG Engine               - fontSizeScaleUI: 1.0
22:32:47.130 [FXGL Background Thread 3 ] DEBUG Engine               - fontText: Courier-Prime.ttf
22:32:47.131 [FXGL Background Thread 3 ] DEBUG Engine               - fontUI: VarelaRound-Regular.ttf
22:32:47.131 [FXGL Background Thread 3 ] DEBUG Engine               - fullScreen: BooleanProperty [value: false]
22:32:47.131 [FXGL Background Thread 3 ] DEBUG Engine               - gameDifficulty: MEDIUM
22:32:47.131 [FXGL Background Thread 3 ] DEBUG Engine               - gameDifficultyProperty: ObjectProperty [value: MEDIUM]
22:32:47.132 [FXGL Background Thread 3 ] DEBUG Engine               - globalMusicVolume: 0.5
22:32:47.132 [FXGL Background Thread 3 ] DEBUG Engine               - globalMusicVolumeProperty: DoubleProperty [value: 0.5]
22:32:47.132 [FXGL Background Thread 3 ] DEBUG Engine               - globalSoundVolume: 0.5
22:32:47.134 [FXGL Background Thread 3 ] DEBUG Engine               - globalSoundVolumeProperty: DoubleProperty [value: 0.5]
22:32:47.134 [FXGL Background Thread 3 ] DEBUG Engine               - height: 600
22:32:47.134 [FXGL Background Thread 3 ] DEBUG Engine               - is3D: false
22:32:47.134 [FXGL Background Thread 3 ] DEBUG Engine               - isAndroid: false
22:32:47.135 [FXGL Background Thread 3 ] DEBUG Engine               - isBrowser: false
22:32:47.135 [FXGL Background Thread 3 ] DEBUG Engine               - isClickFeedbackEnabled: false
22:32:47.135 [FXGL Background Thread 3 ] DEBUG Engine               - isCloseConfirmation: false
22:32:47.135 [FXGL Background Thread 3 ] DEBUG Engine               - isDesktop: true
22:32:47.136 [FXGL Background Thread 3 ] DEBUG Engine               - isDeveloperMenuEnabled: false
22:32:47.136 [FXGL Background Thread 3 ] DEBUG Engine               - isEmbedded: false
22:32:47.136 [FXGL Background Thread 3 ] DEBUG Engine               - isEntityPreloadEnabled: true
22:32:47.136 [FXGL Background Thread 3 ] DEBUG Engine               - isExperimentalTiledLargeMap: false
22:32:47.136 [FXGL Background Thread 3 ] DEBUG Engine               - isFileSystemWriteAllowed: true
22:32:47.137 [FXGL Background Thread 3 ] DEBUG Engine               - isFullScreenAllowed: false
22:32:47.137 [FXGL Background Thread 3 ] DEBUG Engine               - isFullScreenFromStart: false
22:32:47.137 [FXGL Background Thread 3 ] DEBUG Engine               - isGameMenuEnabled: true
22:32:47.137 [FXGL Background Thread 3 ] DEBUG Engine               - isIOS: false
22:32:47.138 [FXGL Background Thread 3 ] DEBUG Engine               - isIntroEnabled: false
22:32:47.138 [FXGL Background Thread 3 ] DEBUG Engine               - isLinux: false
22:32:47.138 [FXGL Background Thread 3 ] DEBUG Engine               - isMac: false
22:32:47.138 [FXGL Background Thread 3 ] DEBUG Engine               - isMainMenuEnabled: false
22:32:47.138 [FXGL Background Thread 3 ] DEBUG Engine               - isManualResizeEnabled: false
22:32:47.139 [FXGL Background Thread 3 ] DEBUG Engine               - isMobile: false
22:32:47.139 [FXGL Background Thread 3 ] DEBUG Engine               - isNative: false
22:32:47.139 [FXGL Background Thread 3 ] DEBUG Engine               - isPauseMusicWhenMinimized: true
22:32:47.139 [FXGL Background Thread 3 ] DEBUG Engine               - isPreserveResizeRatio: false
22:32:47.140 [FXGL Background Thread 3 ] DEBUG Engine               - isProfilingEnabled: false
22:32:47.140 [FXGL Background Thread 3 ] DEBUG Engine               - isScaleAffectedOnResize: true
22:32:47.140 [FXGL Background Thread 3 ] DEBUG Engine               - isSingleStep: false
22:32:47.140 [FXGL Background Thread 3 ] DEBUG Engine               - isUserProfileEnabled: false
22:32:47.140 [FXGL Background Thread 3 ] DEBUG Engine               - isWindows: true
22:32:47.141 [FXGL Background Thread 3 ] DEBUG Engine               - language: ObjectProperty [value: ENGLISH]
22:32:47.141 [FXGL Background Thread 3 ] DEBUG Engine               - menuKey: ESCAPE
22:32:47.141 [FXGL Background Thread 3 ] DEBUG Engine               - mouseSensitivity: 0.2
22:32:47.141 [FXGL Background Thread 3 ] DEBUG Engine               - notificationViewClass: class com.almasb.fxgl.notification.view.XboxNotificationView
22:32:47.141 [FXGL Background Thread 3 ] DEBUG Engine               - pixelsPerMeter: 50.0
22:32:47.141 [FXGL Background Thread 3 ] DEBUG Engine               - platform: WINDOWS
22:32:47.141 [FXGL Background Thread 3 ] DEBUG Engine               - prefHeightProperty: ReadOnlyDoubleProperty [value: 600.0]
22:32:47.142 [FXGL Background Thread 3 ] DEBUG Engine               - prefWidthProperty: ReadOnlyDoubleProperty [value: 800.0]
22:32:47.142 [FXGL Background Thread 3 ] DEBUG Engine               - profileDir: profiles/
22:32:47.142 [FXGL Background Thread 3 ] DEBUG Engine               - profileName: StringProperty [value: DEFAULT]
22:32:47.142 [FXGL Background Thread 3 ] DEBUG Engine               - randomSeed: -1
22:32:47.142 [FXGL Background Thread 3 ] DEBUG Engine               - runtimeInfo: RuntimeInfo(platform=WINDOWS, version=17.3, build=30.03.2023 11.49)
22:32:47.142 [FXGL Background Thread 3 ] DEBUG Engine               - saveFileExt: sav
22:32:47.142 [FXGL Background Thread 3 ] DEBUG Engine               - scaledHeightProp$fxgl: DoubleProperty [bound, value: 600.0]
22:32:47.142 [FXGL Background Thread 3 ] DEBUG Engine               - scaledWidthProp$fxgl: DoubleProperty [bound, value: 800.0]
22:32:47.142 [FXGL Background Thread 3 ] DEBUG Engine               - sceneFactory: com.almasb.fxgl.app.scene.SceneFactory@3b37c0b9
22:32:47.143 [FXGL Background Thread 3 ] DEBUG Engine               - secondsIn24h: 60
22:32:47.143 [FXGL Background Thread 3 ] DEBUG Engine               - soundMenuBack: menu/back.wav
22:32:47.143 [FXGL Background Thread 3 ] DEBUG Engine               - soundMenuPress: menu/press.wav
22:32:47.143 [FXGL Background Thread 3 ] DEBUG Engine               - soundMenuSelect: menu/select.wav
22:32:47.143 [FXGL Background Thread 3 ] DEBUG Engine               - soundNotification: core/notification.wav
22:32:47.143 [FXGL Background Thread 3 ] DEBUG Engine               - stageStyle: DECORATED
22:32:47.143 [FXGL Background Thread 3 ] DEBUG Engine               - supportedLanguages: [ENGLISH, FRENCH, GERMAN, HUNGARIAN, RUSSIAN]
22:32:47.144 [FXGL Background Thread 3 ] DEBUG Engine               - ticksPerSecond: -1
22:32:47.144 [FXGL Background Thread 3 ] DEBUG Engine               - title: Combat Game
22:32:47.144 [FXGL Background Thread 3 ] DEBUG Engine               - urlGithub: https://github.com/AlmasB/FXGL
22:32:47.144 [FXGL Background Thread 3 ] DEBUG Engine               - urlLeaderboard: http://fxgl-top.herokuapp.com/
22:32:47.144 [FXGL Background Thread 3 ] DEBUG Engine               - urlPOM: https://raw.githubusercontent.com/AlmasB/FXGL/release/README.md
22:32:47.144 [FXGL Background Thread 3 ] DEBUG Engine               - userAppClass: class com.example.combatgame01.CombatGame
22:32:47.144 [FXGL Background Thread 3 ] DEBUG Engine               - version: 1.0
22:32:47.144 [FXGL Background Thread 3 ] DEBUG Engine               - versionCheckDays: 7
22:32:47.144 [FXGL Background Thread 3 ] DEBUG Engine               - width: 800
22:32:47.144 [FXGL Background Thread 3 ] DEBUG Engine               - Logging services
22:32:47.145 [FXGL Background Thread 3 ] DEBUG Engine               - class com.almasb.fxgl.app.services.FXGLAssetLoaderService
22:32:47.145 [FXGL Background Thread 3 ] DEBUG Engine               - class com.almasb.fxgl.app.FXGLApplication$GameApplicationService
22:32:47.145 [FXGL Background Thread 3 ] DEBUG Engine               - class com.almasb.fxgl.app.services.FXGLDialogService
22:32:47.145 [FXGL Background Thread 3 ] DEBUG Engine               - class com.almasb.fxgl.app.services.IOTaskExecutorService
22:32:47.145 [FXGL Background Thread 3 ] DEBUG Engine               - class com.almasb.fxgl.io.FileSystemService
22:32:47.145 [FXGL Background Thread 3 ] DEBUG Engine               - class com.almasb.fxgl.localization.LocalizationService
22:32:47.145 [FXGL Background Thread 3 ] DEBUG Engine               - class com.almasb.fxgl.app.services.SystemBundleService
22:32:47.145 [FXGL Background Thread 3 ] DEBUG Engine               - class com.almasb.fxgl.profile.SaveLoadService
22:32:47.145 [FXGL Background Thread 3 ] DEBUG Engine               - class com.almasb.fxgl.ui.FXGLUIFactoryServiceProvider
22:32:47.145 [FXGL Background Thread 3 ] DEBUG Engine               - class com.almasb.fxgl.ui.FXGLDialogFactoryServiceProvider
22:32:47.147 [FXGL Background Thread 3 ] DEBUG Engine               - class com.almasb.fxgl.audio.AudioPlayer
22:32:47.147 [FXGL Background Thread 3 ] DEBUG Engine               - class com.almasb.fxgl.notification.impl.NotificationServiceProvider
22:32:47.147 [FXGL Background Thread 3 ] DEBUG Engine               - class com.almasb.fxgl.achievement.AchievementService
22:32:47.147 [FXGL Background Thread 3 ] DEBUG Engine               - class com.almasb.fxgl.cutscene.CutsceneService
22:32:47.147 [FXGL Background Thread 3 ] DEBUG Engine               - class com.almasb.fxgl.minigames.MiniGameService
22:32:47.147 [FXGL Background Thread 3 ] DEBUG Engine               - class com.almasb.fxgl.net.NetService
22:32:47.147 [FXGL Background Thread 3 ] DEBUG Engine               - class com.almasb.fxgl.app.services.UpdaterService
22:32:47.147 [FXGL Background Thread 3 ] DEBUG Engine               - class com.almasb.fxgl.dev.DevService
22:33:00.647 [JavaFX Application Thread] DEBUG LoopRunner           - Pausing loop
22:33:04.506 [FXGL Background Thread 2 ] INFO  UpdaterService       - Your current version:  17.3
22:33:04.507 [FXGL Background Thread 2 ] INFO  UpdaterService       - Latest stable version: 21.1
22:38:01.109 [JavaFX Application Thread] DEBUG LoopRunner           - Resuming loop
22:38:03.564 [JavaFX Application Thread] DEBUG FXGLApplication      - Exiting FXGL
22:38:03.565 [JavaFX Application Thread] DEBUG LoopRunner           - Stopping loop
22:38:03.565 [JavaFX Application Thread] DEBUG SystemBundleService  - Saving FXGL system data
22:38:03.576 [JavaFX Application Thread] DEBUG FileSystemAccess     - Writing to: C:\Users\ZIOD\IdeaProjects\CombatGame01\system\fxgl.bundle
22:38:03.581 [JavaFX Application Thread] DEBUG Async                - Shutting down background threads
22:38:03.582 [JavaFX Application Thread] DEBUG PrimaryStageWindow   - Closing main window
22:38:03.602 [JavaFX Application Thread] DEBUG Logger               - Closing Logger
